<?xml version="1.0" encoding="UTF-8"?>
<testsuite name="exercise.shapes.ShapeTest" tests="8" skipped="0" failures="0" errors="0" timestamp="2024-02-01T12:05:25" hostname="yrl6cnqc7c-mac" time="0.001">
  <properties/>
  <testcase name="testSetX" classname="exercise.shapes.ShapeTest" time="0.0"/>
  <testcase name="testSetY" classname="exercise.shapes.ShapeTest" time="0.0"/>
  <testcase name="testParameterizedConstructor" classname="exercise.shapes.ShapeTest" time="0.0"/>
  <testcase name="testToString" classname="exercise.shapes.ShapeTest" time="0.0"/>
  <testcase name="testSetYNegative" classname="exercise.shapes.ShapeTest" time="0.0"/>
  <testcase name="testSetXNegative" classname="exercise.shapes.ShapeTest" time="0.001"/>
  <testcase name="testEqualsAndHashCode" classname="exercise.shapes.ShapeTest" time="0.0"/>
  <testcase name="testDefaultConstructor" classname="exercise.shapes.ShapeTest" time="0.0"/>
  <system-out><![CDATA[]]></system-out>
  <system-err><![CDATA[]]></system-err>
</testsuite>
