<?xml version="1.0" encoding="UTF-8"?>
<testsuite name="exercise.gui.MyMouseListenerTest" tests="2" skipped="0" failures="0" errors="0" timestamp="2024-02-01T12:05:25" hostname="yrl6cnqc7c-mac" time="0.001">
  <properties/>
  <testcase name="testMouseExited" classname="exercise.gui.MyMouseListenerTest" time="0.001"/>
  <testcase name="testMouseEntered" classname="exercise.gui.MyMouseListenerTest" time="0.0"/>
  <system-out><![CDATA[]]></system-out>
  <system-err><![CDATA[]]></system-err>
</testsuite>
