<?xml version="1.0" encoding="UTF-8"?>
<testsuite name="exercise.sellablethings.SellableTest" tests="1" skipped="0" failures="0" errors="0" timestamp="2024-02-01T12:05:25" hostname="yrl6cnqc7c-mac" time="0.0">
  <properties/>
  <testcase name="testSellableInterface" classname="exercise.sellablethings.SellableTest" time="0.0"/>
  <system-out><![CDATA[]]></system-out>
  <system-err><![CDATA[]]></system-err>
</testsuite>
