<?xml version="1.0" encoding="UTF-8"?>
<testsuite name="exercise.animals.DogTest" tests="2" skipped="0" failures="0" errors="0" timestamp="2024-02-01T12:05:25" hostname="yrl6cnqc7c-mac" time="0.0">
  <properties/>
  <testcase name="testSell" classname="exercise.animals.DogTest" time="0.0"/>
  <testcase name="testMakeSound" classname="exercise.animals.DogTest" time="0.0"/>
  <system-out><![CDATA[]]></system-out>
  <system-err><![CDATA[]]></system-err>
</testsuite>
