<?xml version="1.0" encoding="UTF-8"?>
<testsuite name="exercise.shapes.RectangleTest" tests="8" skipped="0" failures="0" errors="0" timestamp="2024-02-01T12:05:25" hostname="yrl6cnqc7c-mac" time="0.003">
  <properties/>
  <testcase name="testParameterizedConstructor" classname="exercise.shapes.RectangleTest" time="0.0"/>
  <testcase name="testToString" classname="exercise.shapes.RectangleTest" time="0.002"/>
  <testcase name="testSetHeightNegative" classname="exercise.shapes.RectangleTest" time="0.0"/>
  <testcase name="testSetHeight" classname="exercise.shapes.RectangleTest" time="0.0"/>
  <testcase name="testEqualsAndHashCode" classname="exercise.shapes.RectangleTest" time="0.0"/>
  <testcase name="testSetWidthNegative" classname="exercise.shapes.RectangleTest" time="0.001"/>
  <testcase name="testDefaultConstructor" classname="exercise.shapes.RectangleTest" time="0.0"/>
  <testcase name="testSetWidth" classname="exercise.shapes.RectangleTest" time="0.0"/>
  <system-out><![CDATA[]]></system-out>
  <system-err><![CDATA[]]></system-err>
</testsuite>
