<?xml version="1.0" encoding="UTF-8"?>
<testsuite name="exercise.AirplaneTest" tests="3" skipped="0" failures="0" errors="0" timestamp="2024-02-01T12:15:30" hostname="yrl6cnqc7c-mac" time="0.005">
  <properties/>
  <testcase name="testFly" classname="exercise.AirplaneTest" time="0.004"/>
  <testcase name="testFlyZeroSpeed" classname="exercise.AirplaneTest" time="0.0"/>
  <testcase name="testFlyNegativeSpeed" classname="exercise.AirplaneTest" time="0.0"/>
  <system-out><![CDATA[]]></system-out>
  <system-err><![CDATA[]]></system-err>
</testsuite>
