<?xml version="1.0" encoding="UTF-8"?>
<testsuite name="exercise.FlyableTest" tests="2" skipped="0" failures="0" errors="0" timestamp="2024-02-01T12:15:30" hostname="yrl6cnqc7c-mac" time="0.0">
  <properties/>
  <testcase name="testFly" classname="exercise.FlyableTest" time="0.0"/>
  <testcase name="testGetMessage" classname="exercise.FlyableTest" time="0.0"/>
  <system-out><![CDATA[]]></system-out>
  <system-err><![CDATA[]]></system-err>
</testsuite>
