<?xml version="1.0" encoding="UTF-8"?>
<testsuite name="exercise.BirdTest" tests="3" skipped="0" failures="0" errors="0" timestamp="2024-02-01T12:15:30" hostname="yrl6cnqc7c-mac" time="0.0">
  <properties/>
  <testcase name="testFlyZeroSpeed" classname="exercise.BirdTest" time="0.0"/>
  <testcase name="testFlyBackwards" classname="exercise.BirdTest" time="0.0"/>
  <testcase name="testFlyForwards" classname="exercise.BirdTest" time="0.0"/>
  <system-out><![CDATA[]]></system-out>
  <system-err><![CDATA[]]></system-err>
</testsuite>
