<?xml version="1.0" encoding="UTF-8"?>
<testsuite name="exercise.AppTest" tests="6" skipped="0" failures="0" errors="0" timestamp="2024-02-01T12:58:14" hostname="yrl6cnqc7c-mac" time="0.217">
  <properties/>
  <testcase name="testSortByFirstnameAndOutputUsingInnerClasses" classname="exercise.AppTest" time="0.215"/>
  <testcase name="testSortByLastnameAndOutputUsingMethodReferences" classname="exercise.AppTest" time="0.001"/>
  <testcase name="testSortByFirstNameAndOutputUsingLambdas" classname="exercise.AppTest" time="0.0"/>
  <testcase name="testSortByLastnameAndOutputUsingLambdas" classname="exercise.AppTest" time="0.0"/>
  <testcase name="testSortByLastnameAndOutputUsingInnerClasses" classname="exercise.AppTest" time="0.001"/>
  <testcase name="testSortByFirstnameAndOutputUsingMethodReferences" classname="exercise.AppTest" time="0.0"/>
  <system-out><![CDATA[]]></system-out>
  <system-err><![CDATA[]]></system-err>
</testsuite>
